0 verbose cli /usr/bin/node /usr/bin/npm
1 info using npm@9.8.1
2 info using node@v18.18.0
3 timing npm:load:whichnode Completed in 1ms
4 timing config:load:defaults Completed in 2ms
5 timing config:load:file:/usr/lib/node_modules/npm/npmrc Completed in 1ms
6 timing config:load:builtin Completed in 1ms
7 timing config:load:cli Completed in 4ms
8 timing config:load:env Completed in 0ms
9 timing config:load:file:/home/ubuntu/service/fido2_phishing/.npmrc Completed in 6ms
10 timing config:load:project Completed in 19ms
11 timing config:load:file:/home/ubuntu/.npmrc Completed in 0ms
12 timing config:load:user Completed in 1ms
13 timing config:load:file:/usr/etc/npmrc Completed in 0ms
14 timing config:load:global Completed in 0ms
15 timing config:load:setEnvs Completed in 1ms
16 timing config:load Completed in 28ms
17 timing npm:load:configload Completed in 29ms
18 timing config:load:flatten Completed in 3ms
19 timing npm:load:mkdirpcache Completed in 0ms
20 timing npm:load:mkdirplogs Completed in 0ms
21 verbose title npm start
22 verbose argv "start"
23 timing npm:load:setTitle Completed in 1ms
24 timing npm:load:display Completed in 1ms
25 verbose logfile logs-max:10 dir:/home/ubuntu/.npm/_logs/2023-10-04T02_39_23_987Z-
26 verbose logfile /home/ubuntu/.npm/_logs/2023-10-04T02_39_23_987Z-debug-0.log
27 timing npm:load:logFile Completed in 8ms
28 timing npm:load:timers Completed in 0ms
29 timing npm:load:configScope Completed in 0ms
30 timing npm:load Completed in 58ms
31 silly logfile done cleaning log files
32 timing command:run-script Completed in 170ms
33 timing command:start Completed in 178ms
34 verbose stack Error: Missing script: "start"
34 verbose stack
34 verbose stack Did you mean one of these?
34 verbose stack     npm star # Mark your favorite packages
34 verbose stack     npm stars # View packages marked as favorites
34 verbose stack
34 verbose stack To see a list of scripts, run:
34 verbose stack   npm run
34 verbose stack     at RunScript.run (/usr/lib/node_modules/npm/lib/commands/run-script.js:94:13)
34 verbose stack     at async module.exports (/usr/lib/node_modules/npm/lib/cli-entry.js:61:5)
35 verbose cwd /home/ubuntu/service/fido2_phishing
36 verbose Linux 5.4.0-1018-aws
37 verbose node v18.18.0
38 verbose npm  v9.8.1
39 error Missing script: "start"
39 error
39 error Did you mean one of these?
39 error     npm star # Mark your favorite packages
39 error     npm stars # View packages marked as favorites
39 error
39 error To see a list of scripts, run:
39 error   npm run
40 verbose exit 1
41 timing npm Completed in 278ms
42 verbose code 1
43 error A complete log of this run can be found in: /home/ubuntu/.npm/_logs/2023-10-04T02_39_23_987Z-debug-0.log
